<?xml version="1.0" encoding="UTF-8"?>
<testsuite xmlns:xsi="http://www.w3.org/2001/XMLSchema-instance" xsi:noNamespaceSchemaLocation="https://maven.apache.org/surefire/maven-surefire-plugin/xsd/surefire-test-report-3.0.xsd" version="3.0" name="com.example.geodevineur.GeoDevineurApplicationTests" time="2.054" tests="1" errors="0" skipped="0" failures="0">
  <properties>
    <property name="java.specification.version" value="21"/>
    <property name="sun.jnu.encoding" value="UTF-8"/>
    <property name="java.class.path" value="/home/cytech/Desktop/JEE/GeoDevineur/target/test-classes:/home/cytech/Desktop/JEE/GeoDevineur/target/classes:/home/cytech/.m2/repository/org/springframework/boot/spring-boot-starter-web/3.1.4/spring-boot-starter-web-3.1.4.jar:/home/cytech/.m2/repository/org/springframework/boot/spring-boot-starter/3.1.4/spring-boot-starter-3.1.4.jar:/home/cytech/.m2/repository/org/springframework/boot/spring-boot-starter-logging/3.1.4/spring-boot-starter-logging-3.1.4.jar:/home/cytech/.m2/repository/ch/qos/logback/logback-classic/1.4.11/logback-classic-1.4.11.jar:/home/cytech/.m2/repository/ch/qos/logback/logback-core/1.4.11/logback-core-1.4.11.jar:/home/cytech/.m2/repository/org/apache/logging/log4j/log4j-to-slf4j/2.20.0/log4j-to-slf4j-2.20.0.jar:/home/cytech/.m2/repository/org/apache/logging/log4j/log4j-api/2.20.0/log4j-api-2.20.0.jar:/home/cytech/.m2/repository/org/slf4j/jul-to-slf4j/2.0.9/jul-to-slf4j-2.0.9.jar:/home/cytech/.m2/repository/jakarta/annotation/jakarta.annotation-api/2.1.1/jakarta.annotation-api-2.1.1.jar:/home/cytech/.m2/repository/org/yaml/snakeyaml/1.33/snakeyaml-1.33.jar:/home/cytech/.m2/repository/org/springframework/boot/spring-boot-starter-json/3.1.4/spring-boot-starter-json-3.1.4.jar:/home/cytech/.m2/repository/com/fasterxml/jackson/core/jackson-databind/2.15.2/jackson-databind-2.15.2.jar:/home/cytech/.m2/repository/com/fasterxml/jackson/core/jackson-annotations/2.15.2/jackson-annotations-2.15.2.jar:/home/cytech/.m2/repository/com/fasterxml/jackson/core/jackson-core/2.15.2/jackson-core-2.15.2.jar:/home/cytech/.m2/repository/com/fasterxml/jackson/datatype/jackson-datatype-jdk8/2.15.2/jackson-datatype-jdk8-2.15.2.jar:/home/cytech/.m2/repository/com/fasterxml/jackson/datatype/jackson-datatype-jsr310/2.15.2/jackson-datatype-jsr310-2.15.2.jar:/home/cytech/.m2/repository/com/fasterxml/jackson/module/jackson-module-parameter-names/2.15.2/jackson-module-parameter-names-2.15.2.jar:/home/cytech/.m2/repository/org/springframework/boot/spring-boot-starter-tomcat/3.1.4/spring-boot-starter-tomcat-3.1.4.jar:/home/cytech/.m2/repository/org/apache/tomcat/embed/tomcat-embed-core/10.1.13/tomcat-embed-core-10.1.13.jar:/home/cytech/.m2/repository/org/apache/tomcat/embed/tomcat-embed-el/10.1.13/tomcat-embed-el-10.1.13.jar:/home/cytech/.m2/repository/org/apache/tomcat/embed/tomcat-embed-websocket/10.1.13/tomcat-embed-websocket-10.1.13.jar:/home/cytech/.m2/repository/org/springframework/spring-web/6.0.12/spring-web-6.0.12.jar:/home/cytech/.m2/repository/org/springframework/spring-beans/6.0.12/spring-beans-6.0.12.jar:/home/cytech/.m2/repository/io/micrometer/micrometer-observation/1.11.4/micrometer-observation-1.11.4.jar:/home/cytech/.m2/repository/io/micrometer/micrometer-commons/1.11.4/micrometer-commons-1.11.4.jar:/home/cytech/.m2/repository/org/springframework/spring-webmvc/6.0.12/spring-webmvc-6.0.12.jar:/home/cytech/.m2/repository/org/springframework/spring-aop/6.0.12/spring-aop-6.0.12.jar:/home/cytech/.m2/repository/org/springframework/spring-context/6.0.12/spring-context-6.0.12.jar:/home/cytech/.m2/repository/org/springframework/spring-expression/6.0.12/spring-expression-6.0.12.jar:/home/cytech/.m2/repository/org/springframework/boot/spring-boot-starter-web-services/3.1.4/spring-boot-starter-web-services-3.1.4.jar:/home/cytech/.m2/repository/com/sun/xml/messaging/saaj/saaj-impl/3.0.2/saaj-impl-3.0.2.jar:/home/cytech/.m2/repository/jakarta/xml/soap/jakarta.xml.soap-api/3.0.0/jakarta.xml.soap-api-3.0.0.jar:/home/cytech/.m2/repository/org/jvnet/staxex/stax-ex/2.1.0/stax-ex-2.1.0.jar:/home/cytech/.m2/repository/jakarta/activation/jakarta.activation-api/2.1.2/jakarta.activation-api-2.1.2.jar:/home/cytech/.m2/repository/org/eclipse/angus/angus-activation/2.0.1/angus-activation-2.0.1.jar:/home/cytech/.m2/repository/jakarta/xml/ws/jakarta.xml.ws-api/4.0.0/jakarta.xml.ws-api-4.0.0.jar:/home/cytech/.m2/repository/org/springframework/spring-oxm/6.0.12/spring-oxm-6.0.12.jar:/home/cytech/.m2/repository/org/springframework/ws/spring-ws-core/4.0.6/spring-ws-core-4.0.6.jar:/home/cytech/.m2/repository/org/springframework/ws/spring-xml/4.0.6/spring-xml-4.0.6.jar:/home/cytech/.m2/repository/org/glassfish/jaxb/jaxb-runtime/4.0.3/jaxb-runtime-4.0.3.jar:/home/cytech/.m2/repository/org/glassfish/jaxb/jaxb-core/4.0.3/jaxb-core-4.0.3.jar:/home/cytech/.m2/repository/org/glassfish/jaxb/txw2/4.0.3/txw2-4.0.3.jar:/home/cytech/.m2/repository/com/sun/istack/istack-commons-runtime/4.1.2/istack-commons-runtime-4.1.2.jar:/home/cytech/.m2/repository/org/springframework/boot/spring-boot-starter-webflux/3.1.4/spring-boot-starter-webflux-3.1.4.jar:/home/cytech/.m2/repository/org/springframework/boot/spring-boot-starter-reactor-netty/3.1.4/spring-boot-starter-reactor-netty-3.1.4.jar:/home/cytech/.m2/repository/io/projectreactor/netty/reactor-netty-http/1.1.11/reactor-netty-http-1.1.11.jar:/home/cytech/.m2/repository/io/netty/netty-codec-http/4.1.97.Final/netty-codec-http-4.1.97.Final.jar:/home/cytech/.m2/repository/io/netty/netty-common/4.1.97.Final/netty-common-4.1.97.Final.jar:/home/cytech/.m2/repository/io/netty/netty-buffer/4.1.97.Final/netty-buffer-4.1.97.Final.jar:/home/cytech/.m2/repository/io/netty/netty-transport/4.1.97.Final/netty-transport-4.1.97.Final.jar:/home/cytech/.m2/repository/io/netty/netty-codec/4.1.97.Final/netty-codec-4.1.97.Final.jar:/home/cytech/.m2/repository/io/netty/netty-handler/4.1.97.Final/netty-handler-4.1.97.Final.jar:/home/cytech/.m2/repository/io/netty/netty-codec-http2/4.1.97.Final/netty-codec-http2-4.1.97.Final.jar:/home/cytech/.m2/repository/io/netty/netty-resolver-dns/4.1.97.Final/netty-resolver-dns-4.1.97.Final.jar:/home/cytech/.m2/repository/io/netty/netty-resolver/4.1.97.Final/netty-resolver-4.1.97.Final.jar:/home/cytech/.m2/repository/io/netty/netty-codec-dns/4.1.97.Final/netty-codec-dns-4.1.97.Final.jar:/home/cytech/.m2/repository/io/netty/netty-resolver-dns-native-macos/4.1.97.Final/netty-resolver-dns-native-macos-4.1.97.Final-osx-x86_64.jar:/home/cytech/.m2/repository/io/netty/netty-resolver-dns-classes-macos/4.1.97.Final/netty-resolver-dns-classes-macos-4.1.97.Final.jar:/home/cytech/.m2/repository/io/netty/netty-transport-native-epoll/4.1.97.Final/netty-transport-native-epoll-4.1.97.Final-linux-x86_64.jar:/home/cytech/.m2/repository/io/netty/netty-transport-native-unix-common/4.1.97.Final/netty-transport-native-unix-common-4.1.97.Final.jar:/home/cytech/.m2/repository/io/netty/netty-transport-classes-epoll/4.1.97.Final/netty-transport-classes-epoll-4.1.97.Final.jar:/home/cytech/.m2/repository/io/projectreactor/netty/reactor-netty-core/1.1.11/reactor-netty-core-1.1.11.jar:/home/cytech/.m2/repository/io/netty/netty-handler-proxy/4.1.97.Final/netty-handler-proxy-4.1.97.Final.jar:/home/cytech/.m2/repository/io/netty/netty-codec-socks/4.1.97.Final/netty-codec-socks-4.1.97.Final.jar:/home/cytech/.m2/repository/org/springframework/spring-webflux/6.0.12/spring-webflux-6.0.12.jar:/home/cytech/.m2/repository/org/springframework/boot/spring-boot-devtools/3.1.4/spring-boot-devtools-3.1.4.jar:/home/cytech/.m2/repository/org/springframework/boot/spring-boot/3.1.4/spring-boot-3.1.4.jar:/home/cytech/.m2/repository/org/springframework/boot/spring-boot-autoconfigure/3.1.4/spring-boot-autoconfigure-3.1.4.jar:/home/cytech/.m2/repository/org/springframework/boot/spring-boot-starter-test/3.1.4/spring-boot-starter-test-3.1.4.jar:/home/cytech/.m2/repository/org/springframework/boot/spring-boot-test/3.1.4/spring-boot-test-3.1.4.jar:/home/cytech/.m2/repository/org/springframework/boot/spring-boot-test-autoconfigure/3.1.4/spring-boot-test-autoconfigure-3.1.4.jar:/home/cytech/.m2/repository/com/jayway/jsonpath/json-path/2.8.0/json-path-2.8.0.jar:/home/cytech/.m2/repository/org/slf4j/slf4j-api/2.0.9/slf4j-api-2.0.9.jar:/home/cytech/.m2/repository/jakarta/xml/bind/jakarta.xml.bind-api/4.0.1/jakarta.xml.bind-api-4.0.1.jar:/home/cytech/.m2/repository/net/minidev/json-smart/2.4.11/json-smart-2.4.11.jar:/home/cytech/.m2/repository/net/minidev/accessors-smart/2.4.11/accessors-smart-2.4.11.jar:/home/cytech/.m2/repository/org/ow2/asm/asm/9.3/asm-9.3.jar:/home/cytech/.m2/repository/org/assertj/assertj-core/3.24.2/assertj-core-3.24.2.jar:/home/cytech/.m2/repository/net/bytebuddy/byte-buddy/1.14.8/byte-buddy-1.14.8.jar:/home/cytech/.m2/repository/org/hamcrest/hamcrest/2.2/hamcrest-2.2.jar:/home/cytech/.m2/repository/org/junit/jupiter/junit-jupiter/5.9.3/junit-jupiter-5.9.3.jar:/home/cytech/.m2/repository/org/junit/jupiter/junit-jupiter-api/5.9.3/junit-jupiter-api-5.9.3.jar:/home/cytech/.m2/repository/org/opentest4j/opentest4j/1.2.0/opentest4j-1.2.0.jar:/home/cytech/.m2/repository/org/junit/platform/junit-platform-commons/1.9.3/junit-platform-commons-1.9.3.jar:/home/cytech/.m2/repository/org/apiguardian/apiguardian-api/1.1.2/apiguardian-api-1.1.2.jar:/home/cytech/.m2/repository/org/junit/jupiter/junit-jupiter-params/5.9.3/junit-jupiter-params-5.9.3.jar:/home/cytech/.m2/repository/org/junit/jupiter/junit-jupiter-engine/5.9.3/junit-jupiter-engine-5.9.3.jar:/home/cytech/.m2/repository/org/junit/platform/junit-platform-engine/1.9.3/junit-platform-engine-1.9.3.jar:/home/cytech/.m2/repository/org/mockito/mockito-core/5.3.1/mockito-core-5.3.1.jar:/home/cytech/.m2/repository/net/bytebuddy/byte-buddy-agent/1.14.8/byte-buddy-agent-1.14.8.jar:/home/cytech/.m2/repository/org/objenesis/objenesis/3.3/objenesis-3.3.jar:/home/cytech/.m2/repository/org/mockito/mockito-junit-jupiter/5.3.1/mockito-junit-jupiter-5.3.1.jar:/home/cytech/.m2/repository/org/skyscreamer/jsonassert/1.5.1/jsonassert-1.5.1.jar:/home/cytech/.m2/repository/com/vaadin/external/google/android-json/0.0.20131108.vaadin1/android-json-0.0.20131108.vaadin1.jar:/home/cytech/.m2/repository/org/springframework/spring-core/6.0.12/spring-core-6.0.12.jar:/home/cytech/.m2/repository/org/springframework/spring-jcl/6.0.12/spring-jcl-6.0.12.jar:/home/cytech/.m2/repository/org/springframework/spring-test/6.0.12/spring-test-6.0.12.jar:/home/cytech/.m2/repository/org/xmlunit/xmlunit-core/2.9.1/xmlunit-core-2.9.1.jar:/home/cytech/.m2/repository/io/projectreactor/reactor-test/3.5.10/reactor-test-3.5.10.jar:/home/cytech/.m2/repository/io/projectreactor/reactor-core/3.5.10/reactor-core-3.5.10.jar:/home/cytech/.m2/repository/org/reactivestreams/reactive-streams/1.0.4/reactive-streams-1.0.4.jar:"/>
    <property name="java.vm.vendor" value="Eclipse Adoptium"/>
    <property name="sun.arch.data.model" value="64"/>
    <property name="java.vendor.url" value="https://adoptium.net/"/>
    <property name="user.timezone" value="Europe/Paris"/>
    <property name="os.name" value="Linux"/>
    <property name="java.vm.specification.version" value="21"/>
    <property name="sun.java.launcher" value="SUN_STANDARD"/>
    <property name="user.country" value="GB"/>
    <property name="sun.boot.library.path" value="/home/cytech/.sdkman/candidates/java/21-tem/lib"/>
    <property name="sun.java.command" value="/home/cytech/Desktop/JEE/GeoDevineur/target/surefire/surefirebooter-20231020155206186_3.jar /home/cytech/Desktop/JEE/GeoDevineur/target/surefire 2023-10-20T15-52-06_118-jvmRun1 surefire-20231020155206186_1tmp surefire_0-20231020155206186_2tmp"/>
    <property name="jdk.debug" value="release"/>
    <property name="surefire.test.class.path" value="/home/cytech/Desktop/JEE/GeoDevineur/target/test-classes:/home/cytech/Desktop/JEE/GeoDevineur/target/classes:/home/cytech/.m2/repository/org/springframework/boot/spring-boot-starter-web/3.1.4/spring-boot-starter-web-3.1.4.jar:/home/cytech/.m2/repository/org/springframework/boot/spring-boot-starter/3.1.4/spring-boot-starter-3.1.4.jar:/home/cytech/.m2/repository/org/springframework/boot/spring-boot-starter-logging/3.1.4/spring-boot-starter-logging-3.1.4.jar:/home/cytech/.m2/repository/ch/qos/logback/logback-classic/1.4.11/logback-classic-1.4.11.jar:/home/cytech/.m2/repository/ch/qos/logback/logback-core/1.4.11/logback-core-1.4.11.jar:/home/cytech/.m2/repository/org/apache/logging/log4j/log4j-to-slf4j/2.20.0/log4j-to-slf4j-2.20.0.jar:/home/cytech/.m2/repository/org/apache/logging/log4j/log4j-api/2.20.0/log4j-api-2.20.0.jar:/home/cytech/.m2/repository/org/slf4j/jul-to-slf4j/2.0.9/jul-to-slf4j-2.0.9.jar:/home/cytech/.m2/repository/jakarta/annotation/jakarta.annotation-api/2.1.1/jakarta.annotation-api-2.1.1.jar:/home/cytech/.m2/repository/org/yaml/snakeyaml/1.33/snakeyaml-1.33.jar:/home/cytech/.m2/repository/org/springframework/boot/spring-boot-starter-json/3.1.4/spring-boot-starter-json-3.1.4.jar:/home/cytech/.m2/repository/com/fasterxml/jackson/core/jackson-databind/2.15.2/jackson-databind-2.15.2.jar:/home/cytech/.m2/repository/com/fasterxml/jackson/core/jackson-annotations/2.15.2/jackson-annotations-2.15.2.jar:/home/cytech/.m2/repository/com/fasterxml/jackson/core/jackson-core/2.15.2/jackson-core-2.15.2.jar:/home/cytech/.m2/repository/com/fasterxml/jackson/datatype/jackson-datatype-jdk8/2.15.2/jackson-datatype-jdk8-2.15.2.jar:/home/cytech/.m2/repository/com/fasterxml/jackson/datatype/jackson-datatype-jsr310/2.15.2/jackson-datatype-jsr310-2.15.2.jar:/home/cytech/.m2/repository/com/fasterxml/jackson/module/jackson-module-parameter-names/2.15.2/jackson-module-parameter-names-2.15.2.jar:/home/cytech/.m2/repository/org/springframework/boot/spring-boot-starter-tomcat/3.1.4/spring-boot-starter-tomcat-3.1.4.jar:/home/cytech/.m2/repository/org/apache/tomcat/embed/tomcat-embed-core/10.1.13/tomcat-embed-core-10.1.13.jar:/home/cytech/.m2/repository/org/apache/tomcat/embed/tomcat-embed-el/10.1.13/tomcat-embed-el-10.1.13.jar:/home/cytech/.m2/repository/org/apache/tomcat/embed/tomcat-embed-websocket/10.1.13/tomcat-embed-websocket-10.1.13.jar:/home/cytech/.m2/repository/org/springframework/spring-web/6.0.12/spring-web-6.0.12.jar:/home/cytech/.m2/repository/org/springframework/spring-beans/6.0.12/spring-beans-6.0.12.jar:/home/cytech/.m2/repository/io/micrometer/micrometer-observation/1.11.4/micrometer-observation-1.11.4.jar:/home/cytech/.m2/repository/io/micrometer/micrometer-commons/1.11.4/micrometer-commons-1.11.4.jar:/home/cytech/.m2/repository/org/springframework/spring-webmvc/6.0.12/spring-webmvc-6.0.12.jar:/home/cytech/.m2/repository/org/springframework/spring-aop/6.0.12/spring-aop-6.0.12.jar:/home/cytech/.m2/repository/org/springframework/spring-context/6.0.12/spring-context-6.0.12.jar:/home/cytech/.m2/repository/org/springframework/spring-expression/6.0.12/spring-expression-6.0.12.jar:/home/cytech/.m2/repository/org/springframework/boot/spring-boot-starter-web-services/3.1.4/spring-boot-starter-web-services-3.1.4.jar:/home/cytech/.m2/repository/com/sun/xml/messaging/saaj/saaj-impl/3.0.2/saaj-impl-3.0.2.jar:/home/cytech/.m2/repository/jakarta/xml/soap/jakarta.xml.soap-api/3.0.0/jakarta.xml.soap-api-3.0.0.jar:/home/cytech/.m2/repository/org/jvnet/staxex/stax-ex/2.1.0/stax-ex-2.1.0.jar:/home/cytech/.m2/repository/jakarta/activation/jakarta.activation-api/2.1.2/jakarta.activation-api-2.1.2.jar:/home/cytech/.m2/repository/org/eclipse/angus/angus-activation/2.0.1/angus-activation-2.0.1.jar:/home/cytech/.m2/repository/jakarta/xml/ws/jakarta.xml.ws-api/4.0.0/jakarta.xml.ws-api-4.0.0.jar:/home/cytech/.m2/repository/org/springframework/spring-oxm/6.0.12/spring-oxm-6.0.12.jar:/home/cytech/.m2/repository/org/springframework/ws/spring-ws-core/4.0.6/spring-ws-core-4.0.6.jar:/home/cytech/.m2/repository/org/springframework/ws/spring-xml/4.0.6/spring-xml-4.0.6.jar:/home/cytech/.m2/repository/org/glassfish/jaxb/jaxb-runtime/4.0.3/jaxb-runtime-4.0.3.jar:/home/cytech/.m2/repository/org/glassfish/jaxb/jaxb-core/4.0.3/jaxb-core-4.0.3.jar:/home/cytech/.m2/repository/org/glassfish/jaxb/txw2/4.0.3/txw2-4.0.3.jar:/home/cytech/.m2/repository/com/sun/istack/istack-commons-runtime/4.1.2/istack-commons-runtime-4.1.2.jar:/home/cytech/.m2/repository/org/springframework/boot/spring-boot-starter-webflux/3.1.4/spring-boot-starter-webflux-3.1.4.jar:/home/cytech/.m2/repository/org/springframework/boot/spring-boot-starter-reactor-netty/3.1.4/spring-boot-starter-reactor-netty-3.1.4.jar:/home/cytech/.m2/repository/io/projectreactor/netty/reactor-netty-http/1.1.11/reactor-netty-http-1.1.11.jar:/home/cytech/.m2/repository/io/netty/netty-codec-http/4.1.97.Final/netty-codec-http-4.1.97.Final.jar:/home/cytech/.m2/repository/io/netty/netty-common/4.1.97.Final/netty-common-4.1.97.Final.jar:/home/cytech/.m2/repository/io/netty/netty-buffer/4.1.97.Final/netty-buffer-4.1.97.Final.jar:/home/cytech/.m2/repository/io/netty/netty-transport/4.1.97.Final/netty-transport-4.1.97.Final.jar:/home/cytech/.m2/repository/io/netty/netty-codec/4.1.97.Final/netty-codec-4.1.97.Final.jar:/home/cytech/.m2/repository/io/netty/netty-handler/4.1.97.Final/netty-handler-4.1.97.Final.jar:/home/cytech/.m2/repository/io/netty/netty-codec-http2/4.1.97.Final/netty-codec-http2-4.1.97.Final.jar:/home/cytech/.m2/repository/io/netty/netty-resolver-dns/4.1.97.Final/netty-resolver-dns-4.1.97.Final.jar:/home/cytech/.m2/repository/io/netty/netty-resolver/4.1.97.Final/netty-resolver-4.1.97.Final.jar:/home/cytech/.m2/repository/io/netty/netty-codec-dns/4.1.97.Final/netty-codec-dns-4.1.97.Final.jar:/home/cytech/.m2/repository/io/netty/netty-resolver-dns-native-macos/4.1.97.Final/netty-resolver-dns-native-macos-4.1.97.Final-osx-x86_64.jar:/home/cytech/.m2/repository/io/netty/netty-resolver-dns-classes-macos/4.1.97.Final/netty-resolver-dns-classes-macos-4.1.97.Final.jar:/home/cytech/.m2/repository/io/netty/netty-transport-native-epoll/4.1.97.Final/netty-transport-native-epoll-4.1.97.Final-linux-x86_64.jar:/home/cytech/.m2/repository/io/netty/netty-transport-native-unix-common/4.1.97.Final/netty-transport-native-unix-common-4.1.97.Final.jar:/home/cytech/.m2/repository/io/netty/netty-transport-classes-epoll/4.1.97.Final/netty-transport-classes-epoll-4.1.97.Final.jar:/home/cytech/.m2/repository/io/projectreactor/netty/reactor-netty-core/1.1.11/reactor-netty-core-1.1.11.jar:/home/cytech/.m2/repository/io/netty/netty-handler-proxy/4.1.97.Final/netty-handler-proxy-4.1.97.Final.jar:/home/cytech/.m2/repository/io/netty/netty-codec-socks/4.1.97.Final/netty-codec-socks-4.1.97.Final.jar:/home/cytech/.m2/repository/org/springframework/spring-webflux/6.0.12/spring-webflux-6.0.12.jar:/home/cytech/.m2/repository/org/springframework/boot/spring-boot-devtools/3.1.4/spring-boot-devtools-3.1.4.jar:/home/cytech/.m2/repository/org/springframework/boot/spring-boot/3.1.4/spring-boot-3.1.4.jar:/home/cytech/.m2/repository/org/springframework/boot/spring-boot-autoconfigure/3.1.4/spring-boot-autoconfigure-3.1.4.jar:/home/cytech/.m2/repository/org/springframework/boot/spring-boot-starter-test/3.1.4/spring-boot-starter-test-3.1.4.jar:/home/cytech/.m2/repository/org/springframework/boot/spring-boot-test/3.1.4/spring-boot-test-3.1.4.jar:/home/cytech/.m2/repository/org/springframework/boot/spring-boot-test-autoconfigure/3.1.4/spring-boot-test-autoconfigure-3.1.4.jar:/home/cytech/.m2/repository/com/jayway/jsonpath/json-path/2.8.0/json-path-2.8.0.jar:/home/cytech/.m2/repository/org/slf4j/slf4j-api/2.0.9/slf4j-api-2.0.9.jar:/home/cytech/.m2/repository/jakarta/xml/bind/jakarta.xml.bind-api/4.0.1/jakarta.xml.bind-api-4.0.1.jar:/home/cytech/.m2/repository/net/minidev/json-smart/2.4.11/json-smart-2.4.11.jar:/home/cytech/.m2/repository/net/minidev/accessors-smart/2.4.11/accessors-smart-2.4.11.jar:/home/cytech/.m2/repository/org/ow2/asm/asm/9.3/asm-9.3.jar:/home/cytech/.m2/repository/org/assertj/assertj-core/3.24.2/assertj-core-3.24.2.jar:/home/cytech/.m2/repository/net/bytebuddy/byte-buddy/1.14.8/byte-buddy-1.14.8.jar:/home/cytech/.m2/repository/org/hamcrest/hamcrest/2.2/hamcrest-2.2.jar:/home/cytech/.m2/repository/org/junit/jupiter/junit-jupiter/5.9.3/junit-jupiter-5.9.3.jar:/home/cytech/.m2/repository/org/junit/jupiter/junit-jupiter-api/5.9.3/junit-jupiter-api-5.9.3.jar:/home/cytech/.m2/repository/org/opentest4j/opentest4j/1.2.0/opentest4j-1.2.0.jar:/home/cytech/.m2/repository/org/junit/platform/junit-platform-commons/1.9.3/junit-platform-commons-1.9.3.jar:/home/cytech/.m2/repository/org/apiguardian/apiguardian-api/1.1.2/apiguardian-api-1.1.2.jar:/home/cytech/.m2/repository/org/junit/jupiter/junit-jupiter-params/5.9.3/junit-jupiter-params-5.9.3.jar:/home/cytech/.m2/repository/org/junit/jupiter/junit-jupiter-engine/5.9.3/junit-jupiter-engine-5.9.3.jar:/home/cytech/.m2/repository/org/junit/platform/junit-platform-engine/1.9.3/junit-platform-engine-1.9.3.jar:/home/cytech/.m2/repository/org/mockito/mockito-core/5.3.1/mockito-core-5.3.1.jar:/home/cytech/.m2/repository/net/bytebuddy/byte-buddy-agent/1.14.8/byte-buddy-agent-1.14.8.jar:/home/cytech/.m2/repository/org/objenesis/objenesis/3.3/objenesis-3.3.jar:/home/cytech/.m2/repository/org/mockito/mockito-junit-jupiter/5.3.1/mockito-junit-jupiter-5.3.1.jar:/home/cytech/.m2/repository/org/skyscreamer/jsonassert/1.5.1/jsonassert-1.5.1.jar:/home/cytech/.m2/repository/com/vaadin/external/google/android-json/0.0.20131108.vaadin1/android-json-0.0.20131108.vaadin1.jar:/home/cytech/.m2/repository/org/springframework/spring-core/6.0.12/spring-core-6.0.12.jar:/home/cytech/.m2/repository/org/springframework/spring-jcl/6.0.12/spring-jcl-6.0.12.jar:/home/cytech/.m2/repository/org/springframework/spring-test/6.0.12/spring-test-6.0.12.jar:/home/cytech/.m2/repository/org/xmlunit/xmlunit-core/2.9.1/xmlunit-core-2.9.1.jar:/home/cytech/.m2/repository/io/projectreactor/reactor-test/3.5.10/reactor-test-3.5.10.jar:/home/cytech/.m2/repository/io/projectreactor/reactor-core/3.5.10/reactor-core-3.5.10.jar:/home/cytech/.m2/repository/org/reactivestreams/reactive-streams/1.0.4/reactive-streams-1.0.4.jar:"/>
    <property name="sun.cpu.endian" value="little"/>
    <property name="user.home" value="/home/cytech"/>
    <property name="user.language" value="en"/>
    <property name="java.specification.vendor" value="Oracle Corporation"/>
    <property name="java.version.date" value="2023-09-19"/>
    <property name="java.home" value="/home/cytech/.sdkman/candidates/java/21-tem"/>
    <property name="file.separator" value="/"/>
    <property name="basedir" value="/home/cytech/Desktop/JEE/GeoDevineur"/>
    <property name="java.vm.compressedOopsMode" value="Zero based"/>
    <property name="line.separator" value="&#10;"/>
    <property name="java.vm.specification.vendor" value="Oracle Corporation"/>
    <property name="java.specification.name" value="Java Platform API Specification"/>
    <property name="FILE_LOG_CHARSET" value="UTF-8"/>
    <property name="java.awt.headless" value="true"/>
    <property name="surefire.real.class.path" value="/home/cytech/Desktop/JEE/GeoDevineur/target/surefire/surefirebooter-20231020155206186_3.jar"/>
    <property name="sun.management.compiler" value="HotSpot 64-Bit Tiered Compilers"/>
    <property name="java.runtime.version" value="21+35-LTS"/>
    <property name="user.name" value="cytech"/>
    <property name="stdout.encoding" value="UTF-8"/>
    <property name="path.separator" value=":"/>
    <property name="os.version" value="5.15.0-84-generic"/>
    <property name="java.runtime.name" value="OpenJDK Runtime Environment"/>
    <property name="file.encoding" value="UTF-8"/>
    <property name="java.vm.name" value="OpenJDK 64-Bit Server VM"/>
    <property name="java.vendor.version" value="Temurin-21+35"/>
    <property name="localRepository" value="/home/cytech/.m2/repository"/>
    <property name="java.vendor.url.bug" value="https://github.com/adoptium/adoptium-support/issues"/>
    <property name="java.io.tmpdir" value="/tmp"/>
    <property name="java.version" value="21"/>
    <property name="user.dir" value="/home/cytech/Desktop/JEE/GeoDevineur"/>
    <property name="os.arch" value="amd64"/>
    <property name="java.vm.specification.name" value="Java Virtual Machine Specification"/>
    <property name="PID" value="104954"/>
    <property name="CONSOLE_LOG_CHARSET" value="UTF-8"/>
    <property name="native.encoding" value="UTF-8"/>
    <property name="java.library.path" value="/usr/java/packages/lib:/usr/lib64:/lib64:/lib:/usr/lib"/>
    <property name="java.vm.info" value="mixed mode, sharing"/>
    <property name="stderr.encoding" value="UTF-8"/>
    <property name="java.vendor" value="Eclipse Adoptium"/>
    <property name="java.vm.version" value="21+35-LTS"/>
    <property name="sun.io.unicode.encoding" value="UnicodeLittle"/>
    <property name="java.class.version" value="65.0"/>
  </properties>
  <testcase name="contextLoads" classname="com.example.geodevineur.GeoDevineurApplicationTests" time="0.572">
    <system-out><![CDATA[15:52:06.796 [main] INFO org.springframework.test.context.support.AnnotationConfigContextLoaderUtils -- Could not detect default configuration classes for test class [com.example.geodevineur.GeoDevineurApplicationTests]: GeoDevineurApplicationTests does not declare any static, non-private, non-final, nested classes annotated with @Configuration.
15:52:06.855 [main] INFO org.springframework.boot.test.context.SpringBootTestContextBootstrapper -- Found @SpringBootConfiguration com.example.geodevineur.GeoDevineurApplication for test class com.example.geodevineur.GeoDevineurApplicationTests

  .   ____          _            __ _ _
 /\\ / ___'_ __ _ _(_)_ __  __ _ \ \ \ \
( ( )\___ | '_ | '_| | '_ \/ _` | \ \ \ \
 \\/  ___)| |_)| | | | | || (_| |  ) ) ) )
  '  |____| .__|_| |_|_| |_\__, | / / / /
 =========|_|==============|___/=/_/_/_/
 :: Spring Boot ::                (v3.1.4)

2023-10-20T15:52:07.142+02:00  INFO 104954 --- [           main] c.e.g.GeoDevineurApplicationTests        : Starting GeoDevineurApplicationTests using Java 21 with PID 104954 (started by cytech in /home/cytech/Desktop/JEE/GeoDevineur)
2023-10-20T15:52:07.143+02:00  INFO 104954 --- [           main] c.e.g.GeoDevineurApplicationTests        : No active profile set, falling back to 1 default profile: "default"
2023-10-20T15:52:07.628+02:00  INFO 104954 --- [           main] trationDelegate$BeanPostProcessorChecker : Bean 'org.springframework.ws.config.annotation.DelegatingWsConfiguration' of type [org.springframework.ws.config.annotation.DelegatingWsConfiguration$$SpringCGLIB$$0] is not eligible for getting processed by all BeanPostProcessors (for example: not eligible for auto-proxying)
2023-10-20T15:52:07.651+02:00  INFO 104954 --- [           main] .w.s.a.s.AnnotationActionEndpointMapping : Supporting [WS-Addressing August 2004, WS-Addressing 1.0]
2023-10-20T15:52:07.981+02:00  INFO 104954 --- [           main] o.s.b.a.w.s.WelcomePageHandlerMapping    : Adding welcome page: class path resource [static/index.html]
2023-10-20T15:52:08.120+02:00  INFO 104954 --- [           main] c.e.g.GeoDevineurApplicationTests        : Started GeoDevineurApplicationTests in 1.186 seconds (process running for 1.868)
]]></system-out>
    <system-err><![CDATA[WARNING: A Java agent has been loaded dynamically (/home/cytech/.m2/repository/net/bytebuddy/byte-buddy-agent/1.14.8/byte-buddy-agent-1.14.8.jar)
WARNING: If a serviceability tool is in use, please run with -XX:+EnableDynamicAgentLoading to hide this warning
WARNING: If a serviceability tool is not in use, please run with -Djdk.instrument.traceUsage for more information
WARNING: Dynamic loading of agents will be disallowed by default in a future release
]]></system-err>
  </testcase>
</testsuite>